{
  "RSpec": {
    "coverage": {
      "/Users/student/Documents/projects/bookmarks/spec/feature/homepage_welcome_spec.rb": [
        1,
        null,
        1,
        1,
        1,
        1,
        null,
        null
      ],
      "/Users/student/Documents/projects/bookmarks/spec/feature/submitting_new_bookmark_spec.rb": [
        1,
        null,
        1,
        1,
        1,
        1,
        1,
        1,
        1,
        1,
        1,
        null,
        null
      ],
      "/Users/student/Documents/projects/bookmarks/spec/feature/view_bookmarks_spec.rb": [
        1,
        1,
        1,
        null,
        null,
        1,
        1,
        1,
        null,
        1,
        1,
        null,
        1,
        1,
        1,
        null,
        null,
        null
      ],
      "/Users/student/Documents/projects/bookmarks/spec/unit/bookmark_spec.rb": [
        1,
        null,
        1,
        null,
        1,
        1,
        1,
        null,
        null,
        1,
        1,
        1,
        null,
        1,
        1,
        1,
        1,
        null,
        null,
        null,
        null
      ],
      "/Users/student/Documents/projects/bookmarks/app/models/bookmark.rb": [
        1,
        null,
        1,
        null,
        1,
        3,
        3,
        null,
        0,
        null,
        null,
        3,
        9,
        null,
        null,
        1,
        0,
        0,
        null,
        0,
        null,
        null,
        0,
        0,
        null,
        null,
        null
      ]
    },
    "timestamp": 1563291555
  }
}
