{
  "RSpec": {
    "coverage": {
      "/Users/student/Documents/projects/bookmarks/spec/feature/homepage_welcome_spec.rb": [
        1,
        1,
        1,
        1,
        null,
        null
      ],
      "/Users/student/Documents/projects/bookmarks/spec/feature/view_bookmarks_spec.rb": [
        1,
        1,
        1,
        1,
        1,
        null,
        null
      ],
      "/Users/student/Documents/projects/bookmarks/spec/unit/bookmark_spec.rb": [
        1,
        null,
        1,
        null,
        1,
        1,
        1,
        1,
        1,
        1,
        null,
        null,
        null
      ],
      "/Users/student/Documents/projects/bookmarks/app/models/bookmark.rb": [
        1,
        null,
        1,
        null,
        1,
        2,
        2,
        10,
        null,
        null
      ]
    },
    "timestamp": 1563283720
  }
}
